<?xml version="1.0" encoding="UTF-8"?>
<!-- Generated by org.testng.reporters.JUnitReportReporter -->
<testsuite skipped="0" hostname="LAPTOP-RSD3KNP9" name="TestClass" tests="1" failures="0" timestamp="09 Aug 2018 05:39:41 GMT" time="22.247" errors="0">
  <testcase name="test" time="22.247" classname="TestClass"/>
</testsuite> <!-- TestClass -->
